2023-03-11 19:16:33,271 [INFO   ] [APP] autotrader started with arguments={rtg.py, run, autotrader.py}
2023-03-11 19:16:33,271 [INFO   ] [APP] configuration={"Execution":{"Host":"127.0.0.1","Port":12345},"Information":{"Type":"mmap","Name":"info.dat"},"TeamName":"TraderOne","Secret":"secret"}
2023-03-11 19:16:33,273 [INFO   ] [CONNECTION] fd=18 connection established: peer=127.0.0.1:12345
2023-03-11 19:16:37,996 [INFO   ] [TRADER] received order book for instrument 0 with sequence number 1
2023-03-11 19:16:37,997 [INFO   ] [TRADER] received order book for instrument 1 with sequence number 1
2023-03-11 19:16:38,561 [INFO   ] [TRADER] received order book for instrument 0 with sequence number 2
2023-03-11 19:16:38,561 [INFO   ] [TRADER] received order book for instrument 1 with sequence number 2
2023-03-11 19:16:38,926 [INFO   ] [TRADER] received order book for instrument 0 with sequence number 3
2023-03-11 19:16:38,926 [INFO   ] [TRADER] received order book for instrument 1 with sequence number 3
2023-03-11 19:16:39,475 [INFO   ] [TRADER] received order book for instrument 0 with sequence number 4
2023-03-11 19:16:39,475 [INFO   ] [TRADER] received order book for instrument 1 with sequence number 4
2023-03-11 19:16:39,591 [INFO   ] [TRADER] received trade ticks for instrument 1 with sequence number 2
2023-03-11 19:16:40,012 [INFO   ] [TRADER] received trade ticks for instrument 0 with sequence number 2
2023-03-11 19:16:40,038 [INFO   ] [TRADER] received order book for instrument 0 with sequence number 5
2023-03-11 19:16:40,038 [INFO   ] [TRADER] received order book for instrument 1 with sequence number 5
2023-03-11 19:16:40,578 [INFO   ] [TRADER] received order book for instrument 0 with sequence number 6
2023-03-11 19:16:40,579 [INFO   ] [TRADER] received order book for instrument 1 with sequence number 6
2023-03-11 19:16:40,934 [INFO   ] [TRADER] received order book for instrument 0 with sequence number 7
2023-03-11 19:16:40,934 [INFO   ] [TRADER] received order book for instrument 1 with sequence number 7
2023-03-11 19:16:41,451 [INFO   ] [TRADER] received order book for instrument 0 with sequence number 8
2023-03-11 19:16:41,451 [INFO   ] [TRADER] received order book for instrument 1 with sequence number 8
2023-03-11 19:16:41,970 [INFO   ] [TRADER] received order book for instrument 0 with sequence number 9
2023-03-11 19:16:41,971 [INFO   ] [TRADER] received order book for instrument 1 with sequence number 9
2023-03-11 19:16:42,091 [INFO   ] [TRADER] received trade ticks for instrument 0 with sequence number 3
2023-03-11 19:16:42,308 [INFO   ] [TRADER] received trade ticks for instrument 0 with sequence number 4
2023-03-11 19:16:42,591 [INFO   ] [TRADER] received order book for instrument 0 with sequence number 10
2023-03-11 19:16:42,591 [INFO   ] [TRADER] received order book for instrument 1 with sequence number 10
2023-03-11 19:16:42,936 [INFO   ] [TRADER] received order book for instrument 0 with sequence number 11
2023-03-11 19:16:42,937 [INFO   ] [TRADER] received order book for instrument 1 with sequence number 11
2023-03-11 19:16:43,000 [INFO   ] [TRADER] received trade ticks for instrument 1 with sequence number 3
2023-03-11 19:16:43,438 [INFO   ] [TRADER] received order book for instrument 0 with sequence number 12
2023-03-11 19:16:43,438 [INFO   ] [TRADER] received order book for instrument 1 with sequence number 12
2023-03-11 19:16:44,048 [INFO   ] [TRADER] received order book for instrument 0 with sequence number 13
2023-03-11 19:16:44,049 [INFO   ] [TRADER] received order book for instrument 1 with sequence number 13
2023-03-11 19:16:44,526 [INFO   ] [TRADER] received order book for instrument 0 with sequence number 14
2023-03-11 19:16:44,527 [INFO   ] [TRADER] received order book for instrument 1 with sequence number 14
2023-03-11 19:16:44,872 [INFO   ] [TRADER] received trade ticks for instrument 1 with sequence number 4
2023-03-11 19:16:44,948 [INFO   ] [TRADER] received order book for instrument 0 with sequence number 15
2023-03-11 19:16:44,948 [INFO   ] [TRADER] received order book for instrument 1 with sequence number 15
2023-03-11 19:16:45,306 [INFO   ] [TRADER] received trade ticks for instrument 1 with sequence number 5
2023-03-11 19:16:45,550 [INFO   ] [TRADER] received order book for instrument 0 with sequence number 16
2023-03-11 19:16:45,550 [INFO   ] [TRADER] received order book for instrument 1 with sequence number 16
2023-03-11 19:16:46,094 [INFO   ] [TRADER] received order book for instrument 0 with sequence number 17
2023-03-11 19:16:46,094 [INFO   ] [TRADER] received order book for instrument 1 with sequence number 17
2023-03-11 19:16:46,423 [INFO   ] [TRADER] received order book for instrument 0 with sequence number 18
2023-03-11 19:16:46,423 [INFO   ] [TRADER] received order book for instrument 1 with sequence number 18
2023-03-11 19:16:46,923 [INFO   ] [TRADER] received order book for instrument 0 with sequence number 19
2023-03-11 19:16:46,924 [INFO   ] [TRADER] received order book for instrument 1 with sequence number 19
2023-03-11 19:16:46,980 [INFO   ] [TRADER] received trade ticks for instrument 1 with sequence number 6
2023-03-11 19:16:47,584 [INFO   ] [TRADER] received order book for instrument 0 with sequence number 20
2023-03-11 19:16:47,584 [INFO   ] [TRADER] received order book for instrument 1 with sequence number 20
2023-03-11 19:16:47,991 [INFO   ] [TRADER] received order book for instrument 0 with sequence number 21
2023-03-11 19:16:47,992 [INFO   ] [TRADER] received order book for instrument 1 with sequence number 21
2023-03-11 19:16:48,404 [INFO   ] [TRADER] received trade ticks for instrument 0 with sequence number 5
2023-03-11 19:16:48,452 [INFO   ] [TRADER] received order book for instrument 0 with sequence number 22
2023-03-11 19:16:48,452 [INFO   ] [TRADER] received order book for instrument 1 with sequence number 22
2023-03-11 19:16:48,969 [INFO   ] [TRADER] received order book for instrument 0 with sequence number 23
2023-03-11 19:16:48,969 [INFO   ] [TRADER] received order book for instrument 1 with sequence number 23
2023-03-11 19:16:49,596 [INFO   ] [TRADER] received order book for instrument 0 with sequence number 24
2023-03-11 19:16:49,596 [INFO   ] [TRADER] received order book for instrument 1 with sequence number 24
2023-03-11 19:16:50,004 [INFO   ] [TRADER] received order book for instrument 0 with sequence number 25
2023-03-11 19:16:50,004 [INFO   ] [TRADER] received order book for instrument 1 with sequence number 25
2023-03-11 19:16:50,109 [INFO   ] [TRADER] received trade ticks for instrument 0 with sequence number 6
2023-03-11 19:16:50,478 [INFO   ] [TRADER] received order book for instrument 0 with sequence number 26
2023-03-11 19:16:50,479 [INFO   ] [TRADER] received order book for instrument 1 with sequence number 26
2023-03-11 19:16:50,489 [INFO   ] [TRADER] received order filled for order 1 with price 147000 and volume 10
2023-03-11 19:16:50,489 [INFO   ] [TRADER] received order status for order 1 with fill volume 10 remaining 0 and fees 294
2023-03-11 19:16:50,489 [INFO   ] [TRADER] received trade ticks for instrument 1 with sequence number 7
2023-03-11 19:16:50,489 [INFO   ] [TRADER] received hedge filled for order 2 with average price 146700 and volume 10
2023-03-11 19:16:51,067 [INFO   ] [TRADER] received order book for instrument 0 with sequence number 27
2023-03-11 19:16:51,067 [INFO   ] [TRADER] received order book for instrument 1 with sequence number 27
2023-03-11 19:16:51,068 [INFO   ] [TRADER] received order filled for order 3 with price 147000 and volume 10
2023-03-11 19:16:51,068 [INFO   ] [TRADER] received order status for order 3 with fill volume 10 remaining 0 and fees 294
2023-03-11 19:16:51,068 [INFO   ] [TRADER] received trade ticks for instrument 1 with sequence number 8
2023-03-11 19:16:51,068 [INFO   ] [TRADER] received hedge filled for order 4 with average price 146700 and volume 10
2023-03-11 19:16:51,197 [INFO   ] [TRADER] received trade ticks for instrument 1 with sequence number 9
2023-03-11 19:16:51,295 [INFO   ] [TRADER] received trade ticks for instrument 0 with sequence number 7
2023-03-11 19:16:51,441 [INFO   ] [TRADER] received order book for instrument 0 with sequence number 28
2023-03-11 19:16:51,441 [INFO   ] [TRADER] received order book for instrument 1 with sequence number 28
2023-03-11 19:16:51,444 [INFO   ] [TRADER] received order filled for order 5 with price 147000 and volume 10
2023-03-11 19:16:51,444 [INFO   ] [TRADER] received order status for order 5 with fill volume 10 remaining 0 and fees 294
2023-03-11 19:16:51,444 [INFO   ] [TRADER] received trade ticks for instrument 1 with sequence number 10
2023-03-11 19:16:51,444 [INFO   ] [TRADER] received hedge filled for order 6 with average price 146900 and volume 10
2023-03-11 19:16:51,910 [INFO   ] [TRADER] received trade ticks for instrument 0 with sequence number 8
2023-03-11 19:16:51,953 [INFO   ] [TRADER] received order book for instrument 0 with sequence number 29
2023-03-11 19:16:51,953 [INFO   ] [TRADER] received order book for instrument 1 with sequence number 29
2023-03-11 19:16:52,433 [INFO   ] [TRADER] received order book for instrument 0 with sequence number 30
2023-03-11 19:16:52,433 [INFO   ] [TRADER] received order book for instrument 1 with sequence number 30
2023-03-11 19:16:52,913 [INFO   ] [TRADER] received order book for instrument 0 with sequence number 31
2023-03-11 19:16:52,914 [INFO   ] [TRADER] received order book for instrument 1 with sequence number 31
2023-03-11 19:16:53,400 [INFO   ] [TRADER] received order book for instrument 0 with sequence number 32
2023-03-11 19:16:53,400 [INFO   ] [TRADER] received order book for instrument 1 with sequence number 32
2023-03-11 19:16:54,004 [INFO   ] [TRADER] received order book for instrument 0 with sequence number 33
2023-03-11 19:16:54,004 [INFO   ] [TRADER] received order book for instrument 1 with sequence number 33
2023-03-11 19:16:54,292 [INFO   ] [TRADER] received trade ticks for instrument 1 with sequence number 11
2023-03-11 19:16:54,432 [INFO   ] [TRADER] received order book for instrument 0 with sequence number 34
2023-03-11 19:16:54,432 [INFO   ] [TRADER] received order book for instrument 1 with sequence number 34
2023-03-11 19:16:54,969 [INFO   ] [TRADER] received order book for instrument 0 with sequence number 35
2023-03-11 19:16:54,969 [INFO   ] [TRADER] received order book for instrument 1 with sequence number 35
2023-03-11 19:16:55,449 [INFO   ] [TRADER] received order book for instrument 0 with sequence number 36
2023-03-11 19:16:55,449 [INFO   ] [TRADER] received order book for instrument 1 with sequence number 36
2023-03-11 19:16:55,451 [INFO   ] [TRADER] received order filled for order 7 with price 147000 and volume 10
2023-03-11 19:16:55,452 [INFO   ] [TRADER] received order status for order 7 with fill volume 10 remaining 0 and fees 294
2023-03-11 19:16:55,452 [INFO   ] [TRADER] received trade ticks for instrument 1 with sequence number 12
2023-03-11 19:16:55,452 [INFO   ] [TRADER] received hedge filled for order 8 with average price 146900 and volume 10
2023-03-11 19:16:55,783 [INFO   ] [TRADER] received trade ticks for instrument 1 with sequence number 13
2023-03-11 19:16:55,910 [INFO   ] [TRADER] received order book for instrument 0 with sequence number 37
2023-03-11 19:16:55,910 [INFO   ] [TRADER] received order book for instrument 1 with sequence number 37
2023-03-11 19:16:55,911 [INFO   ] [TRADER] received order status for order 9 with fill volume 0 remaining 0 and fees 0
2023-03-11 19:16:56,540 [INFO   ] [TRADER] received order book for instrument 0 with sequence number 38
2023-03-11 19:16:56,540 [INFO   ] [TRADER] received order book for instrument 1 with sequence number 38
2023-03-11 19:16:56,542 [INFO   ] [TRADER] received order filled for order 10 with price 146400 and volume 10
2023-03-11 19:16:56,542 [INFO   ] [TRADER] received order status for order 10 with fill volume 10 remaining 0 and fees 293
2023-03-11 19:16:56,542 [INFO   ] [TRADER] received trade ticks for instrument 1 with sequence number 14
2023-03-11 19:16:56,542 [INFO   ] [TRADER] received hedge filled for order 11 with average price 146700 and volume 10
2023-03-11 19:16:56,911 [INFO   ] [TRADER] received order book for instrument 0 with sequence number 39
2023-03-11 19:16:56,911 [INFO   ] [TRADER] received order book for instrument 1 with sequence number 39
2023-03-11 19:16:56,914 [INFO   ] [TRADER] received order filled for order 12 with price 146400 and volume 10
2023-03-11 19:16:56,914 [INFO   ] [TRADER] received order status for order 12 with fill volume 10 remaining 0 and fees 293
2023-03-11 19:16:56,914 [INFO   ] [TRADER] received trade ticks for instrument 1 with sequence number 15
2023-03-11 19:16:56,915 [INFO   ] [TRADER] received hedge filled for order 13 with average price 146600 and volume 10
2023-03-11 19:16:57,515 [INFO   ] [TRADER] received order book for instrument 0 with sequence number 40
2023-03-11 19:16:57,515 [INFO   ] [TRADER] received order book for instrument 1 with sequence number 40
2023-03-11 19:16:57,516 [INFO   ] [TRADER] received order filled for order 14 with price 146400 and volume 10
2023-03-11 19:16:57,516 [INFO   ] [TRADER] received order status for order 14 with fill volume 10 remaining 0 and fees 293
2023-03-11 19:16:57,516 [INFO   ] [TRADER] received trade ticks for instrument 1 with sequence number 16
2023-03-11 19:16:57,516 [INFO   ] [TRADER] received hedge filled for order 15 with average price 146500 and volume 10
2023-03-11 19:16:58,092 [INFO   ] [TRADER] received order book for instrument 0 with sequence number 41
2023-03-11 19:16:58,092 [INFO   ] [TRADER] received order book for instrument 1 with sequence number 41
2023-03-11 19:16:58,093 [INFO   ] [TRADER] received order filled for order 16 with price 146400 and volume 10
2023-03-11 19:16:58,093 [INFO   ] [TRADER] received order status for order 16 with fill volume 10 remaining 0 and fees 293
2023-03-11 19:16:58,093 [INFO   ] [TRADER] received trade ticks for instrument 1 with sequence number 17
2023-03-11 19:16:58,093 [INFO   ] [TRADER] received hedge filled for order 17 with average price 146600 and volume 10
2023-03-11 19:16:58,451 [INFO   ] [TRADER] received order book for instrument 0 with sequence number 42
2023-03-11 19:16:58,451 [INFO   ] [TRADER] received order book for instrument 1 with sequence number 42
2023-03-11 19:16:58,452 [INFO   ] [TRADER] received order filled for order 18 with price 146400 and volume 10
2023-03-11 19:16:58,452 [INFO   ] [TRADER] received order status for order 18 with fill volume 10 remaining 0 and fees 293
2023-03-11 19:16:58,452 [INFO   ] [TRADER] received trade ticks for instrument 1 with sequence number 18
2023-03-11 19:16:58,452 [INFO   ] [TRADER] received hedge filled for order 19 with average price 146700 and volume 10
2023-03-11 19:16:58,991 [INFO   ] [TRADER] received order book for instrument 0 with sequence number 43
2023-03-11 19:16:58,991 [INFO   ] [TRADER] received order book for instrument 1 with sequence number 43
2023-03-11 19:16:58,996 [INFO   ] [TRADER] received order filled for order 20 with price 146400 and volume 10
2023-03-11 19:16:58,996 [INFO   ] [TRADER] received order status for order 20 with fill volume 10 remaining 0 and fees 293
2023-03-11 19:16:58,996 [INFO   ] [TRADER] received trade ticks for instrument 0 with sequence number 9
2023-03-11 19:16:58,996 [INFO   ] [TRADER] received trade ticks for instrument 1 with sequence number 19
2023-03-11 19:16:58,997 [INFO   ] [TRADER] received hedge filled for order 21 with average price 146900 and volume 10
2023-03-11 19:16:59,201 [INFO   ] [TRADER] received trade ticks for instrument 1 with sequence number 20
2023-03-11 19:16:59,291 [INFO   ] [TRADER] received trade ticks for instrument 0 with sequence number 10
2023-03-11 19:16:59,412 [INFO   ] [TRADER] received trade ticks for instrument 1 with sequence number 21
2023-03-11 19:16:59,506 [INFO   ] [TRADER] received order book for instrument 0 with sequence number 44
2023-03-11 19:16:59,506 [INFO   ] [TRADER] received order book for instrument 1 with sequence number 44
2023-03-11 19:16:59,507 [INFO   ] [TRADER] received order status for order 22 with fill volume 0 remaining 0 and fees 0
2023-03-11 19:16:59,601 [INFO   ] [TRADER] received trade ticks for instrument 1 with sequence number 22
2023-03-11 19:17:00,054 [INFO   ] [TRADER] received order book for instrument 0 with sequence number 45
2023-03-11 19:17:00,054 [INFO   ] [TRADER] received order book for instrument 1 with sequence number 45
2023-03-11 19:17:00,589 [INFO   ] [TRADER] received order book for instrument 0 with sequence number 46
2023-03-11 19:17:00,589 [INFO   ] [TRADER] received order book for instrument 1 with sequence number 46
2023-03-11 19:17:00,957 [INFO   ] [TRADER] received order book for instrument 0 with sequence number 47
2023-03-11 19:17:00,958 [INFO   ] [TRADER] received order book for instrument 1 with sequence number 47
2023-03-11 19:17:01,203 [INFO   ] [TRADER] received trade ticks for instrument 0 with sequence number 11
2023-03-11 19:17:01,477 [INFO   ] [TRADER] received trade ticks for instrument 1 with sequence number 23
2023-03-11 19:17:01,595 [INFO   ] [TRADER] received order book for instrument 0 with sequence number 48
2023-03-11 19:17:01,596 [INFO   ] [TRADER] received order book for instrument 1 with sequence number 48
2023-03-11 19:17:01,940 [INFO   ] [TRADER] received order book for instrument 0 with sequence number 49
2023-03-11 19:17:01,941 [INFO   ] [TRADER] received order book for instrument 1 with sequence number 49
2023-03-11 19:17:02,530 [INFO   ] [TRADER] received order book for instrument 0 with sequence number 50
2023-03-11 19:17:02,531 [INFO   ] [TRADER] received order book for instrument 1 with sequence number 50
2023-03-11 19:17:02,941 [INFO   ] [TRADER] received order book for instrument 0 with sequence number 51
2023-03-11 19:17:02,941 [INFO   ] [TRADER] received order book for instrument 1 with sequence number 51
2023-03-11 19:17:03,475 [INFO   ] [TRADER] received order book for instrument 0 with sequence number 52
2023-03-11 19:17:03,476 [INFO   ] [TRADER] received order book for instrument 1 with sequence number 52
2023-03-11 19:17:03,995 [INFO   ] [TRADER] received order book for instrument 0 with sequence number 53
2023-03-11 19:17:03,995 [INFO   ] [TRADER] received order book for instrument 1 with sequence number 53
2023-03-11 19:17:04,289 [INFO   ] [TRADER] received trade ticks for instrument 1 with sequence number 24
2023-03-11 19:17:04,446 [INFO   ] [TRADER] received order book for instrument 0 with sequence number 54
2023-03-11 19:17:04,446 [INFO   ] [TRADER] received order book for instrument 1 with sequence number 54
2023-03-11 19:17:04,971 [INFO   ] [TRADER] received order book for instrument 0 with sequence number 55
2023-03-11 19:17:04,972 [INFO   ] [TRADER] received order book for instrument 1 with sequence number 55
2023-03-11 19:17:05,589 [INFO   ] [TRADER] received order book for instrument 0 with sequence number 56
2023-03-11 19:17:05,589 [INFO   ] [TRADER] received order book for instrument 1 with sequence number 56
2023-03-11 19:17:06,034 [INFO   ] [TRADER] received order book for instrument 0 with sequence number 57
2023-03-11 19:17:06,035 [INFO   ] [TRADER] received order book for instrument 1 with sequence number 57
2023-03-11 19:17:06,378 [INFO   ] [TRADER] received trade ticks for instrument 0 with sequence number 12
2023-03-11 19:17:06,432 [INFO   ] [TRADER] received order book for instrument 0 with sequence number 58
2023-03-11 19:17:06,432 [INFO   ] [TRADER] received order book for instrument 1 with sequence number 58
2023-03-11 19:17:06,436 [INFO   ] [TRADER] received order filled for order 23 with price 147000 and volume 10
2023-03-11 19:17:06,436 [INFO   ] [TRADER] received order status for order 23 with fill volume 10 remaining 0 and fees 294
2023-03-11 19:17:06,436 [INFO   ] [TRADER] received trade ticks for instrument 1 with sequence number 25
2023-03-11 19:17:06,437 [INFO   ] [TRADER] received hedge filled for order 24 with average price 147000 and volume 10
2023-03-11 19:17:07,060 [INFO   ] [TRADER] received order book for instrument 0 with sequence number 59
2023-03-11 19:17:07,061 [INFO   ] [TRADER] received order book for instrument 1 with sequence number 59
2023-03-11 19:17:07,501 [INFO   ] [TRADER] received order book for instrument 0 with sequence number 60
2023-03-11 19:17:07,501 [INFO   ] [TRADER] received order book for instrument 1 with sequence number 60
2023-03-11 19:17:08,022 [INFO   ] [TRADER] received order book for instrument 0 with sequence number 61
2023-03-11 19:17:08,022 [INFO   ] [TRADER] received order book for instrument 1 with sequence number 61
2023-03-11 19:17:08,470 [INFO   ] [TRADER] received order book for instrument 0 with sequence number 62
2023-03-11 19:17:08,471 [INFO   ] [TRADER] received order book for instrument 1 with sequence number 62
2023-03-11 19:17:08,674 [INFO   ] [TRADER] received trade ticks for instrument 1 with sequence number 26
2023-03-11 19:17:08,894 [INFO   ] [TRADER] received trade ticks for instrument 0 with sequence number 13
2023-03-11 19:17:09,079 [INFO   ] [TRADER] received order book for instrument 0 with sequence number 63
2023-03-11 19:17:09,079 [INFO   ] [TRADER] received order book for instrument 1 with sequence number 63
2023-03-11 19:17:09,499 [INFO   ] [TRADER] received order book for instrument 0 with sequence number 64
2023-03-11 19:17:09,500 [INFO   ] [TRADER] received order book for instrument 1 with sequence number 64
2023-03-11 19:17:09,594 [INFO   ] [TRADER] received trade ticks for instrument 0 with sequence number 14
2023-03-11 19:17:09,702 [INFO   ] [TRADER] received trade ticks for instrument 1 with sequence number 27
2023-03-11 19:17:09,916 [INFO   ] [TRADER] received trade ticks for instrument 0 with sequence number 15
2023-03-11 19:17:09,989 [INFO   ] [TRADER] received order book for instrument 0 with sequence number 65
2023-03-11 19:17:09,989 [INFO   ] [TRADER] received order book for instrument 1 with sequence number 65
2023-03-11 19:17:10,576 [INFO   ] [TRADER] received order book for instrument 0 with sequence number 66
2023-03-11 19:17:10,577 [INFO   ] [TRADER] received order book for instrument 1 with sequence number 66
2023-03-11 19:17:10,971 [INFO   ] [TRADER] received order book for instrument 0 with sequence number 67
2023-03-11 19:17:10,972 [INFO   ] [TRADER] received order book for instrument 1 with sequence number 67
2023-03-11 19:17:11,508 [INFO   ] [TRADER] received order book for instrument 0 with sequence number 68
2023-03-11 19:17:11,508 [INFO   ] [TRADER] received order book for instrument 1 with sequence number 68
2023-03-11 19:17:11,798 [INFO   ] [TRADER] received trade ticks for instrument 0 with sequence number 16
2023-03-11 19:17:12,046 [INFO   ] [TRADER] received order book for instrument 0 with sequence number 69
2023-03-11 19:17:12,046 [INFO   ] [TRADER] received order book for instrument 1 with sequence number 69
2023-03-11 19:17:12,530 [INFO   ] [TRADER] received order book for instrument 0 with sequence number 70
2023-03-11 19:17:12,530 [INFO   ] [TRADER] received order book for instrument 1 with sequence number 70
2023-03-11 19:17:12,900 [INFO   ] [TRADER] received order book for instrument 0 with sequence number 71
2023-03-11 19:17:12,901 [INFO   ] [TRADER] received order book for instrument 1 with sequence number 71
2023-03-11 19:17:12,901 [INFO   ] [TRADER] received order filled for order 25 with price 146900 and volume 10
2023-03-11 19:17:12,901 [INFO   ] [TRADER] received order status for order 25 with fill volume 10 remaining 0 and fees 294
2023-03-11 19:17:12,901 [INFO   ] [TRADER] received trade ticks for instrument 1 with sequence number 28
2023-03-11 19:17:12,901 [INFO   ] [TRADER] received hedge filled for order 26 with average price 147000 and volume 10
2023-03-11 19:17:13,568 [INFO   ] [TRADER] received order book for instrument 0 with sequence number 72
2023-03-11 19:17:13,568 [INFO   ] [TRADER] received order book for instrument 1 with sequence number 72
2023-03-11 19:17:13,575 [INFO   ] [TRADER] received order filled for order 27 with price 146900 and volume 10
2023-03-11 19:17:13,576 [INFO   ] [TRADER] received order status for order 27 with fill volume 10 remaining 0 and fees 294
2023-03-11 19:17:13,576 [INFO   ] [TRADER] received trade ticks for instrument 1 with sequence number 29
2023-03-11 19:17:13,576 [INFO   ] [TRADER] received hedge filled for order 28 with average price 146900 and volume 10
2023-03-11 19:17:13,900 [INFO   ] [TRADER] received trade ticks for instrument 1 with sequence number 30
2023-03-11 19:17:13,931 [INFO   ] [TRADER] received order book for instrument 0 with sequence number 73
2023-03-11 19:17:13,931 [INFO   ] [TRADER] received order book for instrument 1 with sequence number 73
2023-03-11 19:17:13,932 [INFO   ] [TRADER] received order filled for order 29 with price 146900 and volume 10
2023-03-11 19:17:13,932 [INFO   ] [TRADER] received order status for order 29 with fill volume 10 remaining 0 and fees 294
2023-03-11 19:17:13,932 [INFO   ] [TRADER] received trade ticks for instrument 1 with sequence number 31
2023-03-11 19:17:13,932 [INFO   ] [TRADER] received hedge filled for order 30 with average price 147000 and volume 10
2023-03-11 19:17:14,564 [INFO   ] [TRADER] received order book for instrument 0 with sequence number 74
2023-03-11 19:17:14,564 [INFO   ] [TRADER] received order book for instrument 1 with sequence number 74
2023-03-11 19:17:14,565 [INFO   ] [TRADER] received order filled for order 31 with price 146900 and volume 10
2023-03-11 19:17:14,565 [INFO   ] [TRADER] received order status for order 31 with fill volume 10 remaining 0 and fees 294
2023-03-11 19:17:14,565 [INFO   ] [TRADER] received trade ticks for instrument 1 with sequence number 32
2023-03-11 19:17:14,565 [INFO   ] [TRADER] received hedge filled for order 32 with average price 147000 and volume 10
2023-03-11 19:17:14,811 [INFO   ] [TRADER] received trade ticks for instrument 0 with sequence number 17
2023-03-11 19:17:15,085 [INFO   ] [TRADER] received order book for instrument 0 with sequence number 75
2023-03-11 19:17:15,085 [INFO   ] [TRADER] received order book for instrument 1 with sequence number 75
2023-03-11 19:17:15,474 [INFO   ] [TRADER] received order book for instrument 0 with sequence number 76
2023-03-11 19:17:15,474 [INFO   ] [TRADER] received order book for instrument 1 with sequence number 76
2023-03-11 19:17:15,475 [INFO   ] [TRADER] received order filled for order 33 with price 146900 and volume 4
2023-03-11 19:17:15,475 [INFO   ] [TRADER] received order status for order 33 with fill volume 4 remaining 6 and fees 118
2023-03-11 19:17:15,475 [INFO   ] [TRADER] received order status for order 33 with fill volume 4 remaining 0 and fees 118
2023-03-11 19:17:15,475 [INFO   ] [TRADER] received trade ticks for instrument 1 with sequence number 33
2023-03-11 19:17:15,475 [INFO   ] [TRADER] received hedge filled for order 34 with average price 147000 and volume 4
2023-03-11 19:17:15,990 [INFO   ] [TRADER] received order book for instrument 0 with sequence number 77
2023-03-11 19:17:15,990 [INFO   ] [TRADER] received order book for instrument 1 with sequence number 77
2023-03-11 19:17:15,991 [INFO   ] [TRADER] received order status for order 35 with fill volume 0 remaining 0 and fees 0
2023-03-11 19:17:16,477 [INFO   ] [TRADER] received order book for instrument 0 with sequence number 78
2023-03-11 19:17:16,477 [INFO   ] [TRADER] received order book for instrument 1 with sequence number 78
2023-03-11 19:17:16,890 [INFO   ] [TRADER] received trade ticks for instrument 0 with sequence number 18
2023-03-11 19:17:17,028 [INFO   ] [TRADER] received order book for instrument 0 with sequence number 79
2023-03-11 19:17:17,028 [INFO   ] [TRADER] received order book for instrument 1 with sequence number 79
2023-03-11 19:17:17,029 [INFO   ] [TRADER] received order filled for order 36 with price 147000 and volume 10
2023-03-11 19:17:17,029 [INFO   ] [TRADER] received order status for order 36 with fill volume 10 remaining 0 and fees 294
2023-03-11 19:17:17,029 [INFO   ] [TRADER] received trade ticks for instrument 1 with sequence number 34
2023-03-11 19:17:17,029 [INFO   ] [TRADER] received hedge filled for order 37 with average price 147100 and volume 10
2023-03-11 19:17:17,434 [INFO   ] [TRADER] received order book for instrument 0 with sequence number 80
2023-03-11 19:17:17,435 [INFO   ] [TRADER] received order book for instrument 1 with sequence number 80
2023-03-11 19:17:17,435 [INFO   ] [TRADER] received order filled for order 38 with price 147000 and volume 10
2023-03-11 19:17:17,435 [INFO   ] [TRADER] received order status for order 38 with fill volume 10 remaining 0 and fees 294
2023-03-11 19:17:17,435 [INFO   ] [TRADER] received trade ticks for instrument 1 with sequence number 35
2023-03-11 19:17:17,435 [INFO   ] [TRADER] received hedge filled for order 39 with average price 147100 and volume 10
2023-03-11 19:17:17,951 [INFO   ] [TRADER] received order book for instrument 0 with sequence number 81
2023-03-11 19:17:17,951 [INFO   ] [TRADER] received order book for instrument 1 with sequence number 81
2023-03-11 19:17:17,966 [INFO   ] [TRADER] received order filled for order 40 with price 147000 and volume 10
2023-03-11 19:17:17,966 [INFO   ] [TRADER] received order status for order 40 with fill volume 10 remaining 0 and fees 294
2023-03-11 19:17:17,966 [WARNING] [TRADER] error with order 40: ETF position limit breached
2023-03-11 19:17:17,967 [INFO   ] [TRADER] received trade ticks for instrument 0 with sequence number 19
2023-03-11 19:17:17,968 [INFO   ] [TRADER] received trade ticks for instrument 1 with sequence number 36
2023-03-11 19:17:17,968 [ERROR  ] [CONNECTION] fd=18 connection lost:
Traceback (most recent call last):
  File "/Library/Frameworks/Python.framework/Versions/3.8/lib/python3.8/asyncio/selector_events.py", line 846, in _read_ready__data_received
    data = self._sock.recv(self.max_size)
ConnectionResetError: [Errno 54] Connection reset by peer
2023-03-11 19:17:17,969 [INFO   ] [APP] closing event loop
2023-03-11 19:17:17,969 [INFO   ] [RECEIVER] connection lost
